<?xml version="1.0" encoding="UTF-8"?>
<testng-results ignored="0" total="1" passed="1" failed="0" skipped="0">
  <reporter-output>
  </reporter-output>
  <suite started-at="2021-06-07T13:50:26Z" name="Default suite" finished-at="2021-06-07T13:50:55Z" duration-ms="28437">
    <groups>
    </groups>
    <test started-at="2021-06-07T13:50:26Z" name="Default test" finished-at="2021-06-07T13:50:55Z" duration-ms="28437">
      <class name="test.TestMyPageHumanity">
        <test-method is-config="true" signature="crtDriver()[pri:0, instance:test.TestMyPageHumanity@22fcf7ab]" started-at="2021-06-07T13:50:26Z" name="crtDriver" finished-at="2021-06-07T13:50:28Z" duration-ms="2238" status="PASS">
          <reporter-output>
          </reporter-output>
        </test-method> <!-- crtDriver -->
        <test-method signature="testDash()[pri:0, instance:test.TestMyPageHumanity@22fcf7ab]" started-at="2021-06-07T13:50:28Z" name="testDash" finished-at="2021-06-07T13:50:55Z" duration-ms="26165" status="PASS">
          <reporter-output>
          </reporter-output>
        </test-method> <!-- testDash -->
      </class> <!-- test.TestMyPageHumanity -->
    </test> <!-- Default test -->
  </suite> <!-- Default suite -->
</testng-results>
