<?xml version="1.0" encoding="UTF-8"?>
<testng-results ignored="0" total="1" passed="1" failed="0" skipped="0">
  <reporter-output>
  </reporter-output>
  <suite started-at="2021-08-07T19:25:25Z" name="Default suite" finished-at="2021-08-07T19:25:34Z" duration-ms="9085">
    <groups>
    </groups>
    <test started-at="2021-08-07T19:25:25Z" name="Default test" finished-at="2021-08-07T19:25:34Z" duration-ms="9085">
      <class name="test.TestAboutUs">
        <test-method is-config="true" signature="crtDriver()[pri:0, instance:test.TestAboutUs@475e586c]" started-at="2021-08-07T21:25:25Z" name="crtDriver" finished-at="2021-08-07T21:25:26Z" duration-ms="1479" status="PASS">
          <reporter-output>
          </reporter-output>
        </test-method> <!-- crtDriver -->
        <test-method signature="testAboutUs()[pri:0, instance:test.TestAboutUs@475e586c]" started-at="2021-08-07T21:25:26Z" name="testAboutUs" finished-at="2021-08-07T21:25:33Z" duration-ms="6624" status="PASS">
          <reporter-output>
          </reporter-output>
        </test-method> <!-- testAboutUs -->
        <test-method is-config="true" signature="closeAll()[pri:0, instance:test.TestAboutUs@475e586c]" started-at="2021-08-07T21:25:33Z" name="closeAll" finished-at="2021-08-07T21:25:34Z" duration-ms="964" status="PASS">
          <reporter-output>
          </reporter-output>
        </test-method> <!-- closeAll -->
      </class> <!-- test.TestAboutUs -->
    </test> <!-- Default test -->
  </suite> <!-- Default suite -->
</testng-results>
